TN:
SF:sum.constants.js
FNF:0
FNH:0
BRDA:1,0,0,1
BRF:1
BRH:1
DA:1,1
DA:2,1
DA:3,1
LH:3
LF:3
end_of_record
SF:sum.js
FN:9,sum
FN:21,emitLuckyNumber
FN:24,anonymous_2
FN:26,anonymous_3
FN:30,anonymous_4
FNDA:3,sum
FNDA:2,emitLuckyNumber
FNDA:2,anonymous_2
FNDA:2,anonymous_3
FNDA:2,anonymous_4
FNF:5
FNH:5
BRDA:1,0,0,1
BRDA:9,1,0,3
BRDA:10,2,0,1
BRDA:12,3,0,2
BRDA:14,4,0,1
BRDA:21,5,0,2
BRDA:24,6,0,2
BRDA:26,7,0,2
BRDA:30,8,0,2
BRF:9
BRH:9
DA:1,1
DA:2,1
DA:3,1
DA:4,1
DA:5,1
DA:6,1
DA:7,1
DA:8,1
DA:9,3
DA:10,3
DA:11,1
DA:12,1
DA:13,2
DA:14,3
DA:15,1
DA:16,1
DA:17,1
DA:18,1
DA:19,3
DA:20,1
DA:21,2
DA:22,2
DA:23,2
DA:24,2
DA:25,2
DA:26,2
DA:27,2
DA:28,2
DA:29,2
DA:30,2
DA:31,2
DA:32,2
DA:33,2
DA:34,2
DA:35,2
DA:36,1
DA:37,1
LH:37
LF:37
end_of_record
SF:sum.test.js
FN:7,anonymous_0
FN:8,anonymous_1
FN:14,anonymous_2
FN:16,anonymous_3
FN:20,anonymous_4
FN:25,anonymous_5
FN:26,anonymous_6
FN:29,anonymous_7
FN:30,anonymous_8
FNDA:1,anonymous_0
FNDA:1,anonymous_1
FNDA:1,anonymous_2
FNDA:1,anonymous_3
FNDA:1,anonymous_4
FNDA:1,anonymous_5
FNDA:1,anonymous_6
FNDA:1,anonymous_7
FNDA:1,anonymous_8
FNF:9
FNH:9
BRDA:1,0,0,1
BRDA:7,1,0,1
BRDA:8,2,0,1
BRDA:14,3,0,1
BRDA:16,4,0,1
BRDA:20,5,0,1
BRDA:25,6,0,1
BRDA:26,7,0,1
BRDA:29,8,0,1
BRDA:30,9,0,1
BRF:10
BRH:10
DA:1,1
DA:2,1
DA:3,1
DA:4,1
DA:5,1
DA:6,1
DA:7,1
DA:8,1
DA:9,1
DA:10,1
DA:11,1
DA:12,1
DA:13,1
DA:14,1
DA:15,1
DA:16,1
DA:17,1
DA:18,1
DA:19,1
DA:20,1
DA:21,1
DA:22,1
DA:23,1
DA:24,1
DA:25,1
DA:26,1
DA:27,1
DA:28,1
DA:29,1
DA:30,1
DA:31,1
DA:32,1
LH:32
LF:32
end_of_record
